ATHENA-3D Ver:2.3.6     strip file                14/07/25     12:16:38   
 AP600 containment                                                              
  plotinf         12         0
  plotalf   time      p         tempg     tempf     pps       voidg     sattemp 
  htrnr     htrnr     dtcrnt    flenth  
  plotnum          0 208010000 208010000 208010000 208010000 208010000 208010000
 208000100 308000100         0 131000000
  plotrec         0.000000E+00   1.000000E+05   3.338000E+02   3.338000E+02
   2.052722E+04   1.000000E+00   3.338000E+02  -4.542708E+02  -3.721773E+02
   0.000000E+00   3.072999E+02
  plotrec         2.500000E+02   1.011136E+05   3.357864E+02   3.343247E+02
   2.102866E+04   1.000000E+00   3.343247E+02  -4.820716E+02  -3.927729E+02
   7.642122E-01   3.072999E+02
  plotrec         5.000000E+02   1.018724E+05   3.372114E+02   3.347484E+02
   2.144118E+04   1.000000E+00   3.347484E+02  -5.045576E+02  -4.100062E+02
   7.632047E-01   3.072999E+02
  plotrec         7.500000E+02   1.024181E+05   3.383937E+02   3.350108E+02
   2.170001E+04   1.000000E+00   3.350108E+02  -5.204893E+02  -4.215673E+02
   7.626252E-01   3.072999E+02
  plotrec         1.000000E+03   1.028144E+05   3.393988E+02   3.351641E+02
   2.185252E+04   1.000000E+00   3.351641E+02  -5.317328E+02  -4.290981E+02
   7.623758E-01   3.072999E+02
  plotrec         1.250000E+03   1.031062E+05   3.402723E+02   3.352442E+02
   2.193254E+04   1.000000E+00   3.352442E+02  -5.396762E+02  -4.338227E+02
   7.623861E-01   3.072999E+02
  plotrec         1.500000E+03   1.033254E+05   3.410465E+02   3.352754E+02
   2.196379E+04   1.000000E+00   3.352754E+02  -5.453235E+02  -4.366244E+02
   7.625430E-01   3.072999E+02
  plotrec         1.750000E+03   1.034939E+05   3.417449E+02   3.352743E+02
   2.196268E+04   1.000000E+00   3.352743E+02  -5.493864E+02  -4.381262E+02
   7.627854E-01   3.072999E+02
  plotrec         2.000000E+03   1.036267E+05   3.423835E+02   3.352520E+02
   2.194043E+04   1.000000E+00   3.352520E+02  -5.523557E+02  -4.387579E+02
   7.630804E-01   3.072999E+02
  plotrec         2.250000E+03   1.037344E+05   3.429735E+02   3.352163E+02
   2.190470E+04   1.000000E+00   3.352163E+02  -5.545701E+02  -4.388143E+02
   7.634053E-01   3.072999E+02
  plotrec         2.500000E+03   1.038241E+05   3.435232E+02   3.351723E+02
   2.186068E+04   1.000000E+00   3.351723E+02  -5.562617E+02  -4.384964E+02
   7.637449E-01   3.072999E+02
  plotrec         2.750000E+03   1.039006E+05   3.440381E+02   3.351233E+02
   2.181188E+04   1.000000E+00   3.351233E+02  -5.575893E+02  -4.379404E+02
   7.640888E-01   3.072999E+02
  plotrec         3.000000E+03   1.039675E+05   3.445228E+02   3.350718E+02
   2.176066E+04   1.000000E+00   3.350718E+02  -5.586612E+02  -4.372382E+02
   7.644304E-01   3.072999E+02
  plotrec         3.250000E+03   1.040271E+05   3.449804E+02   3.350194E+02
   2.170858E+04   1.000000E+00   3.350194E+02  -5.595513E+02  -4.364515E+02
   7.647717E-01   3.072999E+02
  plotrec         3.500000E+03   1.040809E+05   3.454130E+02   3.349670E+02
   2.165668E+04   1.000000E+00   3.349670E+02  -5.603075E+02  -4.356204E+02
   7.651399E-01   3.072999E+02
  plotrec         3.750000E+03   1.041303E+05   3.458230E+02   3.349154E+02
   2.160565E+04   1.000000E+00   3.349154E+02  -5.609681E+02  -4.347743E+02
   7.654863E-01   3.072999E+02
  plotrec         4.000000E+03   1.041759E+05   3.462121E+02   3.348651E+02
   2.155593E+04   1.000000E+00   3.348651E+02  -5.615571E+02  -4.339312E+02
   7.658193E-01   3.072999E+02
  plotrec         4.250000E+03   1.042184E+05   3.465817E+02   3.348162E+02
   2.150775E+04   1.000000E+00   3.348162E+02  -5.620907E+02  -4.331024E+02
   7.661384E-01   3.072999E+02
  plotrec         4.500000E+03   1.042583E+05   3.469329E+02   3.347689E+02
   2.146128E+04   1.000000E+00   3.347689E+02  -5.625804E+02  -4.322953E+02
   7.664437E-01   3.072999E+02
  plotrec         4.750000E+03   1.042958E+05   3.472668E+02   3.347234E+02
   2.141659E+04   1.000000E+00   3.347234E+02  -5.630343E+02  -4.315143E+02
   7.667354E-01   3.072999E+02
  plotrec         5.000000E+03   1.043311E+05   3.475843E+02   3.346796E+02
   2.137370E+04   1.000000E+00   3.346796E+02  -5.634581E+02  -4.307619E+02
   7.670138E-01   3.072999E+02
  plotrec         5.250000E+03   1.043646E+05   3.478864E+02   3.346376E+02
   2.133261E+04   1.000000E+00   3.346376E+02  -5.638559E+02  -4.300392E+02
   7.672795E-01   3.072999E+02
  plotrec         5.500000E+03   1.043963E+05   3.481738E+02   3.345973E+02
   2.129329E+04   1.000000E+00   3.345973E+02  -5.642309E+02  -4.293467E+02
   7.675328E-01   3.072999E+02
  plotrec         5.750000E+03   1.044264E+05   3.484472E+02   3.345588E+02
   2.125570E+04   1.000000E+00   3.345588E+02  -5.645853E+02  -4.286841E+02
   7.677742E-01   3.072999E+02
  plotrec         6.000000E+03   1.044551E+05   3.487073E+02   3.345219E+02
   2.121977E+04   1.000000E+00   3.345219E+02  -5.649211E+02  -4.280508E+02
   7.680043E-01   3.072999E+02
  plotrec         6.250000E+03   1.044823E+05   3.489549E+02   3.344866E+02
   2.118547E+04   1.000000E+00   3.344866E+02  -5.652397E+02  -4.274460E+02
   7.682235E-01   3.072999E+02
  plotrec         6.500000E+03   1.045082E+05   3.491904E+02   3.344529E+02
   2.115272E+04   1.000000E+00   3.344529E+02  -5.655423E+02  -4.268689E+02
   7.684323E-01   3.072999E+02
  plotrec         6.750000E+03   1.045329E+05   3.494146E+02   3.344206E+02
   2.112147E+04   1.000000E+00   3.344206E+02  -5.658299E+02  -4.263184E+02
   7.686313E-01   3.072999E+02
  plotrec         7.000000E+03   1.045564E+05   3.496278E+02   3.343899E+02
   2.109165E+04   1.000000E+00   3.343899E+02  -5.661034E+02  -4.257935E+02
   7.688208E-01   3.072999E+02
  plotrec         7.250000E+03   1.045789E+05   3.498308E+02   3.343605E+02
   2.106322E+04   1.000000E+00   3.343605E+02  -5.663635E+02  -4.252930E+02
   7.690013E-01   3.072999E+02
  plotrec         7.500000E+03   1.046003E+05   3.500240E+02   3.343324E+02
   2.103610E+04   1.000000E+00   3.343324E+02  -5.666111E+02  -4.248160E+02
   7.691736E-01   3.072999E+02
  plotrec         7.750000E+03   1.046207E+05   3.502078E+02   3.343056E+02
   2.101025E+04   1.000000E+00   3.343056E+02  -5.668468E+02  -4.243615E+02
   7.693369E-01   3.072999E+02
  plotrec         8.000000E+03   1.046402E+05   3.503827E+02   3.342801E+02
   2.098560E+04   1.000000E+00   3.342801E+02  -5.670711E+02  -4.239283E+02
   7.694926E-01   3.072999E+02
  plotrec         8.250000E+03   1.046589E+05   3.505491E+02   3.342557E+02
   2.096212E+04   1.000000E+00   3.342557E+02  -5.672847E+02  -4.235156E+02
   7.696409E-01   3.072999E+02
  plotrec         8.500000E+03   1.046767E+05   3.507075E+02   3.342324E+02
   2.093973E+04   1.000000E+00   3.342324E+02  -5.674880E+02  -4.231225E+02
   7.697821E-01   3.072999E+02
  plotrec         8.750000E+03   1.046938E+05   3.508582E+02   3.342102E+02
   2.091840E+04   1.000000E+00   3.342102E+02  -5.676817E+02  -4.227480E+02
   7.699168E-01   3.072999E+02
  plotrec         9.000000E+03   1.047101E+05   3.510016E+02   3.341891E+02
   2.089808E+04   1.000000E+00   3.341891E+02  -5.678661E+02  -4.223912E+02
   7.700450E-01   3.072999E+02
  plotrec         9.250000E+03   1.047258E+05   3.511382E+02   3.341689E+02
   2.087872E+04   1.000000E+00   3.341689E+02  -5.680417E+02  -4.220514E+02
   7.701672E-01   3.072999E+02
  plotrec         9.500000E+03   1.047407E+05   3.512681E+02   3.341497E+02
   2.086028E+04   1.000000E+00   3.341497E+02  -5.682090E+02  -4.217277E+02
   7.702836E-01   3.072999E+02
  plotrec         9.750000E+03   1.047551E+05   3.513917E+02   3.341314E+02
   2.084271E+04   1.000000E+00   3.341314E+02  -5.683683E+02  -4.214194E+02
   7.703946E-01   3.072999E+02
  plotrec         1.000000E+04   1.047688E+05   3.515093E+02   3.341139E+02
   2.082598E+04   1.000000E+00   3.341139E+02  -5.685200E+02  -4.211258E+02
   7.705004E-01   3.072999E+02
  plotrec         1.025000E+04   1.047820E+05   3.516213E+02   3.340973E+02
   2.081005E+04   1.000000E+00   3.340973E+02  -5.686646E+02  -4.208461E+02
   7.706012E-01   3.072999E+02
  plotrec         1.050000E+04   1.047947E+05   3.517279E+02   3.340814E+02
   2.079489E+04   1.000000E+00   3.340814E+02  -5.688022E+02  -4.205798E+02
   7.706973E-01   3.072999E+02
  plotrec         1.075000E+04   1.048069E+05   3.518293E+02   3.340663E+02
   2.078045E+04   1.000000E+00   3.340663E+02  -5.689334E+02  -4.203261E+02
   7.707890E-01   3.072999E+02
  plotrec         1.100000E+04   1.048186E+05   3.519258E+02   3.340519E+02
   2.076670E+04   1.000000E+00   3.340519E+02  -5.690584E+02  -4.200845E+02
   7.708763E-01   3.072999E+02
  plotrec         1.125000E+04   1.048298E+05   3.520177E+02   3.340382E+02
   2.075361E+04   1.000000E+00   3.340382E+02  -5.691775E+02  -4.198544E+02
   7.709596E-01   3.072999E+02
  plotrec         1.150000E+04   1.048406E+05   3.521052E+02   3.340252E+02
   2.074115E+04   1.000000E+00   3.340252E+02  -5.692910E+02  -4.196353E+02
   7.710390E-01   3.072999E+02
  plotrec         1.175000E+04   1.048510E+05   3.521884E+02   3.340128E+02
   2.072929E+04   1.000000E+00   3.340128E+02  -5.693991E+02  -4.194266E+02
   7.711148E-01   3.072999E+02
  plotrec         1.200000E+04   1.048610E+05   3.522677E+02   3.340009E+02
   2.071801E+04   1.000000E+00   3.340009E+02  -5.695022E+02  -4.192278E+02
   7.711871E-01   3.072999E+02
  plotrec         1.225000E+04   1.048707E+05   3.523431E+02   3.339897E+02
   2.070727E+04   1.000000E+00   3.339897E+02  -5.696005E+02  -4.190385E+02
   7.712560E-01   3.072999E+02
  plotrec         1.250000E+04   1.048800E+05   3.524149E+02   3.339789E+02
   2.069705E+04   1.000000E+00   3.339789E+02  -5.696941E+02  -4.188582E+02
   7.713218E-01   3.072999E+02
  plotrec         1.275000E+04   1.048890E+05   3.524833E+02   3.339687E+02
   2.068733E+04   1.000000E+00   3.339687E+02  -5.697834E+02  -4.186865E+02
   7.713846E-01   3.072999E+02
  plotrec         1.300000E+04   1.048976E+05   3.525484E+02   3.339590E+02
   2.067808E+04   1.000000E+00   3.339590E+02  -5.698686E+02  -4.185229E+02
   7.714446E-01   3.072999E+02
  plotrec         1.325000E+04   1.049060E+05   3.526104E+02   3.339497E+02
   2.066928E+04   1.000000E+00   3.339497E+02  -5.699498E+02  -4.183671E+02
   7.715017E-01   3.072999E+02
  plotrec         1.350000E+04   1.049141E+05   3.526694E+02   3.339409E+02
   2.066090E+04   1.000000E+00   3.339409E+02  -5.700272E+02  -4.182187E+02
   7.715564E-01   3.072999E+02
  plotrec         1.375000E+04   1.049219E+05   3.527256E+02   3.339326E+02
   2.065294E+04   1.000000E+00   3.339326E+02  -5.701011E+02  -4.180773E+02
   7.716085E-01   3.072999E+02
  plotrec         1.400000E+04   1.049295E+05   3.527792E+02   3.339246E+02
   2.064536E+04   1.000000E+00   3.339246E+02  -5.701716E+02  -4.179426E+02
   7.716584E-01   3.072999E+02
  plotrec         1.425000E+04   1.049368E+05   3.528301E+02   3.339170E+02
   2.063815E+04   1.000000E+00   3.339170E+02  -5.702389E+02  -4.178143E+02
   7.717059E-01   3.072999E+02
  plotrec         1.450000E+04   1.049439E+05   3.528787E+02   3.339098E+02
   2.063130E+04   1.000000E+00   3.339098E+02  -5.703031E+02  -4.176921E+02
   7.717515E-01   3.072999E+02
  plotrec         1.475000E+04   1.049508E+05   3.529249E+02   3.339029E+02
   2.062478E+04   1.000000E+00   3.339029E+02  -5.703644E+02  -4.175756E+02
   7.717949E-01   3.072999E+02
  plotrec         1.500000E+04   1.049575E+05   3.529690E+02   3.338964E+02
   2.061858E+04   1.000000E+00   3.338964E+02  -5.704229E+02  -4.174646E+02
   7.718365E-01   3.072999E+02
  plotrec         1.525000E+04   1.049640E+05   3.530109E+02   3.338902E+02
   2.061269E+04   1.000000E+00   3.338902E+02  -5.704788E+02  -4.173589E+02
   7.718762E-01   3.072999E+02
  plotrec         1.550000E+04   1.049703E+05   3.530509E+02   3.338843E+02
   2.060708E+04   1.000000E+00   3.338843E+02  -5.705321E+02  -4.172581E+02
   7.719142E-01   3.072999E+02
  plotrec         1.575000E+04   1.049764E+05   3.530890E+02   3.338787E+02
   2.060175E+04   1.000000E+00   3.338787E+02  -5.705831E+02  -4.171621E+02
   7.719505E-01   3.072999E+02
  plotrec         1.600000E+04   1.049824E+05   3.531253E+02   3.338733E+02
   2.059669E+04   1.000000E+00   3.338733E+02  -5.706318E+02  -4.170706E+02
   7.719854E-01   3.072999E+02
  plotrec         1.625000E+04   1.049882E+05   3.531599E+02   3.338683E+02
   2.059187E+04   1.000000E+00   3.338683E+02  -5.706783E+02  -4.169834E+02
   7.720187E-01   3.072999E+02
  plotrec         1.650000E+04   1.049938E+05   3.531929E+02   3.338634E+02
   2.058729E+04   1.000000E+00   3.338634E+02  -5.707229E+02  -4.169002E+02
   7.720506E-01   3.072999E+02
  plotrec         1.675000E+04   1.049993E+05   3.532243E+02   3.338588E+02
   2.058294E+04   1.000000E+00   3.338588E+02  -5.707654E+02  -4.168209E+02
   7.720811E-01   3.072999E+02
  plotrec         1.700000E+04   1.050047E+05   3.532543E+02   3.338545E+02
   2.057880E+04   1.000000E+00   3.338545E+02  -5.708061E+02  -4.167453E+02
   7.721104E-01   3.072999E+02
  plotrec         1.725000E+04   1.050100E+05   3.532828E+02   3.338503E+02
   2.057487E+04   1.000000E+00   3.338503E+02  -5.708450E+02  -4.166733E+02
   7.721384E-01   3.072999E+02
  plotrec         1.750000E+04   1.050151E+05   3.533101E+02   3.338464E+02
   2.057113E+04   1.000000E+00   3.338464E+02  -5.708823E+02  -4.166045E+02
   7.721653E-01   3.072999E+02
  plotrec         1.775000E+04   1.050201E+05   3.533361E+02   3.338426E+02
   2.056758E+04   1.000000E+00   3.338426E+02  -5.709180E+02  -4.165390E+02
   7.721911E-01   3.072999E+02
  plotrec         1.800000E+04   1.050250E+05   3.533608E+02   3.338391E+02
   2.056421E+04   1.000000E+00   3.338391E+02  -5.709521E+02  -4.164764E+02
   7.722158E-01   3.072999E+02
  plotrec         1.825000E+04   1.050298E+05   3.533845E+02   3.338357E+02
   2.056100E+04   1.000000E+00   3.338357E+02  -5.709848E+02  -4.164168E+02
   7.722396E-01   3.072999E+02
  plotrec         1.850000E+04   1.050345E+05   3.534070E+02   3.338325E+02
   2.055796E+04   1.000000E+00   3.338325E+02  -5.710162E+02  -4.163599E+02
   7.722624E-01   3.072999E+02
  plotrec         1.875000E+04   1.050391E+05   3.534285E+02   3.338294E+02
   2.055506E+04   1.000000E+00   3.338294E+02  -5.710462E+02  -4.163055E+02
   7.722843E-01   3.072999E+02
  plotrec         1.900000E+04   1.050436E+05   3.534491E+02   3.338265E+02
   2.055232E+04   1.000000E+00   3.338265E+02  -5.710750E+02  -4.162537E+02
   7.723053E-01   3.072999E+02
  plotrec         1.925000E+04   1.050480E+05   3.534687E+02   3.338238E+02
   2.054971E+04   1.000000E+00   3.338238E+02  -5.711026E+02  -4.162042E+02
   7.723256E-01   3.072999E+02
  plotrec         1.950000E+04   1.050524E+05   3.534874E+02   3.338211E+02
   2.054723E+04   1.000000E+00   3.338211E+02  -5.711291E+02  -4.161570E+02
   7.723450E-01   3.072999E+02
  plotrec         1.975000E+04   1.050566E+05   3.535053E+02   3.338187E+02
   2.054487E+04   1.000000E+00   3.338187E+02  -5.711545E+02  -4.161118E+02
   7.723637E-01   3.072999E+02
  plotrec         2.000000E+04   1.050608E+05   3.535223E+02   3.338163E+02
   2.054264E+04   1.000000E+00   3.338163E+02  -5.711789E+02  -4.160687E+02
   7.723818E-01   3.072999E+02
  plotrec         2.025000E+04   1.050649E+05   3.535387E+02   3.338141E+02
   2.054052E+04   1.000000E+00   3.338141E+02  -5.712024E+02  -4.160276E+02
   7.723991E-01   3.072999E+02
  plotrec         2.050000E+04   1.050690E+05   3.535543E+02   3.338119E+02
   2.053850E+04   1.000000E+00   3.338119E+02  -5.712249E+02  -4.159882E+02
   7.724158E-01   3.072999E+02
  plotrec         2.075000E+04   1.050730E+05   3.535692E+02   3.338099E+02
   2.053659E+04   1.000000E+00   3.338099E+02  -5.712466E+02  -4.159506E+02
   7.724320E-01   3.072999E+02
  plotrec         2.100000E+04   1.050769E+05   3.535834E+02   3.338080E+02
   2.053477E+04   1.000000E+00   3.338080E+02  -5.712674E+02  -4.159147E+02
   7.724475E-01   3.072999E+02
  plotrec         2.125000E+04   1.050808E+05   3.535970E+02   3.338062E+02
   2.053305E+04   1.000000E+00   3.338062E+02  -5.712874E+02  -4.158803E+02
   7.724625E-01   3.072999E+02
  plotrec         2.150000E+04   1.050846E+05   3.536100E+02   3.338044E+02
   2.053142E+04   1.000000E+00   3.338044E+02  -5.713068E+02  -4.158475E+02
   7.724770E-01   3.072999E+02
  plotrec         2.175000E+04   1.050884E+05   3.536225E+02   3.338028E+02
   2.052987E+04   1.000000E+00   3.338028E+02  -5.713253E+02  -4.158161E+02
   7.724910E-01   3.072999E+02
  plotrec         2.200000E+04   1.050921E+05   3.536344E+02   3.338012E+02
   2.052839E+04   1.000000E+00   3.338012E+02  -5.713433E+02  -4.157860E+02
   7.725045E-01   3.072999E+02
  plotrec         2.225000E+04   1.050958E+05   3.536458E+02   3.337998E+02
   2.052700E+04   1.000000E+00   3.337998E+02  -5.713605E+02  -4.157572E+02
   7.725176E-01   3.072999E+02
  plotrec         2.250000E+04   1.050994E+05   3.536567E+02   3.337984E+02
   2.052567E+04   1.000000E+00   3.337984E+02  -5.713771E+02  -4.157296E+02
   7.725302E-01   3.072999E+02
  plotrec         2.275000E+04   1.051030E+05   3.536672E+02   3.337970E+02
   2.052442E+04   1.000000E+00   3.337970E+02  -5.713932E+02  -4.157033E+02
   7.725425E-01   3.072999E+02
  plotrec         2.300000E+04   1.051066E+05   3.536772E+02   3.337958E+02
   2.052323E+04   1.000000E+00   3.337958E+02  -5.714088E+02  -4.156780E+02
   7.725543E-01   3.072999E+02
  plotrec         2.325000E+04   1.051101E+05   3.536868E+02   3.337946E+02
   2.052210E+04   1.000000E+00   3.337946E+02  -5.714237E+02  -4.156538E+02
   7.725658E-01   3.072999E+02
  plotrec         2.350000E+04   1.051136E+05   3.536960E+02   3.337935E+02
   2.052103E+04   1.000000E+00   3.337935E+02  -5.714382E+02  -4.156306E+02
   7.725770E-01   3.072999E+02
  plotrec         2.375000E+04   1.051170E+05   3.537049E+02   3.337924E+02
   2.052002E+04   1.000000E+00   3.337924E+02  -5.714522E+02  -4.156083E+02
   7.725878E-01   3.072999E+02
  plotrec         2.400000E+04   1.051204E+05   3.537134E+02   3.337914E+02
   2.051906E+04   1.000000E+00   3.337914E+02  -5.714658E+02  -4.155869E+02
   7.725983E-01   3.072999E+02
  plotrec         2.425000E+04   1.051238E+05   3.537215E+02   3.337904E+02
   2.051815E+04   1.000000E+00   3.337904E+02  -5.714789E+02  -4.155664E+02
   7.726086E-01   3.072999E+02
  plotrec         2.450000E+04   1.051271E+05   3.537293E+02   3.337895E+02
   2.051729E+04   1.000000E+00   3.337895E+02  -5.714916E+02  -4.155468E+02
   7.726185E-01   3.072999E+02
  plotrec         2.475000E+04   1.051305E+05   3.537368E+02   3.337886E+02
   2.051648E+04   1.000000E+00   3.337886E+02  -5.715040E+02  -4.155279E+02
   7.726282E-01   3.072999E+02
  plotrec         2.500000E+04   1.051338E+05   3.537440E+02   3.337878E+02
   2.051571E+04   1.000000E+00   3.337878E+02  -5.715159E+02  -4.155097E+02
   7.726376E-01   3.072999E+02
  plotrec         2.525000E+04   1.051370E+05   3.537509E+02   3.337870E+02
   2.051498E+04   1.000000E+00   3.337870E+02  -5.715275E+02  -4.154923E+02
   7.726468E-01   3.072999E+02
  plotrec         2.550000E+04   1.051403E+05   3.537576E+02   3.337863E+02
   2.051429E+04   1.000000E+00   3.337863E+02  -5.715388E+02  -4.154756E+02
   7.726557E-01   3.072999E+02
  plotrec         2.575000E+04   1.051435E+05   3.537640E+02   3.337856E+02
   2.051364E+04   1.000000E+00   3.337856E+02  -5.715498E+02  -4.154594E+02
   7.726644E-01   3.072999E+02
  plotrec         2.600000E+04   1.051467E+05   3.537702E+02   3.337850E+02
   2.051302E+04   1.000000E+00   3.337850E+02  -5.715604E+02  -4.154439E+02
   7.726729E-01   3.072999E+02
  plotrec         2.625000E+04   1.051499E+05   3.537762E+02   3.337844E+02
   2.051244E+04   1.000000E+00   3.337844E+02  -5.715708E+02  -4.154290E+02
   7.726812E-01   3.072999E+02
  plotrec         2.650000E+04   1.051531E+05   3.537819E+02   3.337838E+02
   2.051189E+04   1.000000E+00   3.337838E+02  -5.715809E+02  -4.154146E+02
   7.726893E-01   3.072999E+02
  plotrec         2.675000E+04   1.051562E+05   3.537874E+02   3.337832E+02
   2.051137E+04   1.000000E+00   3.337832E+02  -5.715908E+02  -4.154007E+02
   7.726973E-01   3.072999E+02
  plotrec         2.700000E+04   1.051593E+05   3.537928E+02   3.337827E+02
   2.051088E+04   1.000000E+00   3.337827E+02  -5.716003E+02  -4.153873E+02
   7.727051E-01   3.072999E+02
  plotrec         2.725000E+04   1.051624E+05   3.537979E+02   3.337822E+02
   2.051042E+04   1.000000E+00   3.337822E+02  -5.716097E+02  -4.153744E+02
   7.727126E-01   3.072999E+02
  plotrec         2.750000E+04   1.051655E+05   3.538029E+02   3.337818E+02
   2.050998E+04   1.000000E+00   3.337818E+02  -5.716188E+02  -4.153620E+02
   7.727201E-01   3.072999E+02
  plotrec         2.775000E+04   1.051686E+05   3.538076E+02   3.337813E+02
   2.050957E+04   1.000000E+00   3.337813E+02  -5.716277E+02  -4.153499E+02
   7.727274E-01   3.072999E+02
  plotrec         2.800000E+04   1.051717E+05   3.538123E+02   3.337809E+02
   2.050919E+04   1.000000E+00   3.337809E+02  -5.716364E+02  -4.153383E+02
   7.727346E-01   3.072999E+02
  plotrec         2.825000E+04   1.051747E+05   3.538168E+02   3.337805E+02
   2.050882E+04   1.000000E+00   3.337805E+02  -5.716450E+02  -4.153271E+02
   7.727416E-01   3.072999E+02
  plotrec         2.850000E+04   1.051778E+05   3.538211E+02   3.337802E+02
   2.050848E+04   1.000000E+00   3.337802E+02  -5.716533E+02  -4.153162E+02
   7.727485E-01   3.072999E+02
  plotrec         2.875000E+04   1.051808E+05   3.538253E+02   3.337798E+02
   2.050816E+04   1.000000E+00   3.337798E+02  -5.716614E+02  -4.153057E+02
   7.727553E-01   3.072999E+02
  plotrec         2.900000E+04   1.051838E+05   3.538294E+02   3.337795E+02
   2.050786E+04   1.000000E+00   3.337795E+02  -5.716695E+02  -4.152955E+02
   7.727620E-01   3.072999E+02
  plotrec         2.925000E+04   1.051868E+05   3.538333E+02   3.337792E+02
   2.050757E+04   1.000000E+00   3.337792E+02  -5.716773E+02  -4.152857E+02
   7.727686E-01   3.072999E+02
  plotrec         2.950000E+04   1.051898E+05   3.538372E+02   3.337789E+02
   2.050731E+04   1.000000E+00   3.337789E+02  -5.716850E+02  -4.152761E+02
   7.727750E-01   3.072999E+02
  plotrec         2.975000E+04   1.051928E+05   3.538409E+02   3.337787E+02
   2.050706E+04   1.000000E+00   3.337787E+02  -5.716926E+02  -4.152668E+02
   7.727814E-01   3.072999E+02
  plotrec         3.000000E+04   1.051958E+05   3.538445E+02   3.337784E+02
   2.050682E+04   1.000000E+00   3.337784E+02  -5.717000E+02  -4.152578E+02
   7.727876E-01   3.072999E+02
