ATHENA-3D Ver:2.3.6     strip file                14/07/27     15:26:24   
 =============                                                                  
  plotinf         60         0
  plotalf   time      p         p         p         p         p         p       
  p         p         p         p         p         tempg     tempg     tempg   
  tempg     tempg     tempg     tempg     tempg     tempg     tempg     tempg   
  sattemp   sattemp   sattemp   sattemp   sattemp   sattemp   sattemp   sattemp 
  sattemp   sattemp   sattemp   pps       pps       pps       pps       pps     
  pps       pps       pps       pps       pps       htrnr     htrnr     htrnr   
  htrnr     htrnr     htrnr     htrnr     htrnr     htrnr     htrnr     htrnr   
  htrnr     dtcrnt    flenth    pps     
  plotnum          0 210010000 220010000 230010000 240010000 250010000 260010000
 260020000 260030000 260040000 260050000 260060000 210010000 220010000 230010000
 240010000 250010000 260010000 260020000 260030000 260040000 260050000 260060000
 210010000 220010000 230010000 240010000 250010000 260010000 260020000 260030000
 260040000 260050000 260060000 220010000 230010000 240010000 250010000 260010000
 260020000 260030000 260040000 260050000 260060000   6000100  16000100  26000100
  36000100  46000100  56000100 301000100 302000100 303000100 304000100 305000100
 306000100         0 131000000 210010000
  plotrec         0.000000E+00   1.000000E+05   1.000000E+05   1.000000E+05
   1.000000E+05   1.000000E+05   1.000000E+05   1.000000E+05   1.000000E+05
   1.000000E+05   1.000000E+05   1.000000E+05   3.338000E+02   3.338000E+02
   3.338000E+02   3.338000E+02   3.338000E+02   3.338000E+02   3.338000E+02
   3.338000E+02   3.338000E+02   3.338000E+02   3.338000E+02   3.338000E+02
   3.338000E+02   3.338000E+02   3.338000E+02   3.338000E+02   3.338000E+02
   3.338000E+02   3.338000E+02   3.338000E+02   3.338000E+02   3.338000E+02
   2.052722E+04   2.052722E+04   2.052722E+04   2.052722E+04   2.052722E+04
   2.052722E+04   2.052722E+04   2.052722E+04   2.052722E+04   2.052722E+04
  -4.794873E+02  -4.794873E+02  -4.794873E+02  -4.794873E+02  -4.794873E+02
  -4.794873E+02  -3.658766E+02  -3.658766E+02  -3.658766E+02  -3.658766E+02
  -3.658766E+02  -3.979304E+02   0.000000E+00   2.175574E+02   2.052722E+04
  plotrec         1.000000E+02   1.000367E+05   1.000367E+05   1.000367E+05
   1.000367E+05   1.000367E+05   1.000367E+05   1.000380E+05   1.000394E+05
   1.000408E+05   1.000422E+05   1.000436E+05   3.339163E+02   3.339149E+02
   3.339135E+02   3.339120E+02   3.339114E+02   3.338599E+02   3.338541E+02
   3.338408E+02   3.338239E+02   3.338057E+02   3.337943E+02   3.338520E+02
   3.337864E+02   3.337206E+02   3.336528E+02   3.336472E+02   3.335455E+02
   3.336220E+02   3.336327E+02   3.336258E+02   3.336157E+02   3.336179E+02
   2.051433E+04   2.045224E+04   2.038838E+04   2.038308E+04   2.028772E+04
   2.035945E+04   2.036950E+04   2.036301E+04   2.035356E+04   2.035557E+04
  -3.215814E+02  -3.243970E+02  -3.247703E+02  -3.244841E+02  -3.240795E+02
  -3.241368E+02  -3.679202E+02  -3.655861E+02  -3.632629E+02  -3.608839E+02
  -3.606855E+02  -3.215814E+02   2.006117E-01   2.175574E+02   2.057644E+04
  plotrec         2.000000E+02   1.000570E+05   1.000570E+05   1.000570E+05
   1.000570E+05   1.000569E+05   1.000569E+05   1.000583E+05   1.000596E+05
   1.000611E+05   1.000625E+05   1.000638E+05   3.339326E+02   3.339312E+02
   3.339299E+02   3.339285E+02   3.339277E+02   3.338774E+02   3.338706E+02
   3.338564E+02   3.338397E+02   3.338212E+02   3.338096E+02   3.338691E+02
   3.338068E+02   3.337444E+02   3.336817E+02   3.336657E+02   3.335650E+02
   3.336381E+02   3.336454E+02   3.336398E+02   3.336296E+02   3.336315E+02
   2.053362E+04   2.047464E+04   2.041562E+04   2.040049E+04   2.030597E+04
   2.037453E+04   2.038140E+04   2.037613E+04   2.036655E+04   2.036841E+04
  -3.222141E+02  -3.249055E+02  -3.251521E+02  -3.249142E+02  -3.245038E+02
  -3.245550E+02  -3.684870E+02  -3.662665E+02  -3.640567E+02  -3.618551E+02
  -3.612904E+02  -3.222141E+02   2.004387E-01   2.175574E+02   2.059264E+04
  plotrec         4.500000E+02   1.000972E+05   1.000972E+05   1.000972E+05
   1.000972E+05   1.000972E+05   1.000971E+05   1.000985E+05   1.000999E+05
   1.001013E+05   1.001027E+05   1.001040E+05   3.339654E+02   3.339640E+02
   3.339627E+02   3.339614E+02   3.339604E+02   3.339098E+02   3.339036E+02
   3.338889E+02   3.338721E+02   3.338535E+02   3.338422E+02   3.339024E+02
   3.338387E+02   3.337808E+02   3.337194E+02   3.336948E+02   3.335943E+02
   3.336720E+02   3.336777E+02   3.336717E+02   3.336616E+02   3.336641E+02
   2.056387E+04   2.050910E+04   2.045106E+04   2.042792E+04   2.033348E+04
   2.040647E+04   2.041183E+04   2.040614E+04   2.039667E+04   2.039898E+04
  -3.231240E+02  -3.259956E+02  -3.261817E+02  -3.259268E+02  -3.255200E+02
  -3.255895E+02  -3.695948E+02  -3.673172E+02  -3.652614E+02  -3.630924E+02
  -3.622283E+02  -3.231240E+02   2.000764E-01   2.175574E+02   2.062432E+04
  plotrec         7.000000E+02   1.001270E+05   1.001270E+05   1.001270E+05
   1.001270E+05   1.001270E+05   1.001269E+05   1.001283E+05   1.001297E+05
   1.001311E+05   1.001325E+05   1.001339E+05   3.339891E+02   3.339877E+02
   3.339864E+02   3.339850E+02   3.339840E+02   3.339332E+02   3.339272E+02
   3.339126E+02   3.338958E+02   3.338772E+02   3.338657E+02   3.339263E+02
   3.338622E+02   3.338042E+02   3.337422E+02   3.337173E+02   3.336168E+02
   3.336960E+02   3.337019E+02   3.336956E+02   3.336854E+02   3.336876E+02
   2.058609E+04   2.053117E+04   2.047265E+04   2.044914E+04   2.035458E+04
   2.042905E+04   2.043458E+04   2.042873E+04   2.041908E+04   2.042111E+04
  -3.238259E+02  -3.267599E+02  -3.269529E+02  -3.266913E+02  -3.262769E+02
  -3.263352E+02  -3.703849E+02  -3.680872E+02  -3.660234E+02  -3.638340E+02
  -3.629554E+02  -3.238259E+02   2.001383E-01   2.175574E+02   2.064700E+04
  plotrec         9.500000E+02   1.001491E+05   1.001491E+05   1.001491E+05
   1.001491E+05   1.001491E+05   1.001491E+05   1.001504E+05   1.001518E+05
   1.001532E+05   1.001546E+05   1.001560E+05   3.340063E+02   3.340049E+02
   3.340036E+02   3.340022E+02   3.340013E+02   3.339504E+02   3.339444E+02
   3.339299E+02   3.339130E+02   3.338944E+02   3.338828E+02   3.339438E+02
   3.338796E+02   3.338215E+02   3.337594E+02   3.337348E+02   3.336342E+02
   3.337133E+02   3.337193E+02   3.337131E+02   3.337028E+02   3.337049E+02
   2.060261E+04   2.054756E+04   2.048889E+04   2.046560E+04   2.037092E+04
   2.044538E+04   2.045098E+04   2.044513E+04   2.043547E+04   2.043741E+04
  -3.243741E+02  -3.273098E+02  -3.275063E+02  -3.272443E+02  -3.268292E+02
  -3.268838E+02  -3.709609E+02  -3.686588E+02  -3.665887E+02  -3.643916E+02
  -3.635203E+02  -3.243741E+02   2.000955E-01   2.175574E+02   2.066359E+04
  plotrec         1.200000E+03   1.001657E+05   1.001657E+05   1.001657E+05
   1.001657E+05   1.001657E+05   1.001656E+05   1.001670E+05   1.001684E+05
   1.001698E+05   1.001712E+05   1.001726E+05   3.340189E+02   3.340175E+02
   3.340161E+02   3.340148E+02   3.340138E+02   3.339630E+02   3.339569E+02
   3.339424E+02   3.339255E+02   3.339070E+02   3.338953E+02   3.339564E+02
   3.338922E+02   3.338342E+02   3.337721E+02   3.337475E+02   3.336469E+02
   3.337260E+02   3.337319E+02   3.337257E+02   3.337155E+02   3.337175E+02
   2.061462E+04   2.055957E+04   2.050086E+04   2.047763E+04   2.038287E+04
   2.045729E+04   2.046290E+04   2.045705E+04   2.044739E+04   2.044929E+04
  -3.247734E+02  -3.277091E+02  -3.279059E+02  -3.276439E+02  -3.272285E+02
  -3.272816E+02  -3.713776E+02  -3.690726E+02  -3.670009E+02  -3.648010E+02
  -3.639317E+02  -3.247734E+02   2.000523E-01   2.175574E+02   2.067564E+04
  plotrec         1.450000E+03   1.001781E+05   1.001781E+05   1.001781E+05
   1.001781E+05   1.001781E+05   1.001781E+05   1.001795E+05   1.001808E+05
   1.001822E+05   1.001837E+05   1.001850E+05   3.340280E+02   3.340266E+02
   3.340252E+02   3.340239E+02   3.340229E+02   3.339720E+02   3.339661E+02
   3.339515E+02   3.339346E+02   3.339161E+02   3.339044E+02   3.339656E+02
   3.339014E+02   3.338434E+02   3.337813E+02   3.337568E+02   3.336562E+02
   3.337352E+02   3.337411E+02   3.337349E+02   3.337247E+02   3.337267E+02
   2.062337E+04   2.056830E+04   2.050957E+04   2.048636E+04   2.039155E+04
   2.046597E+04   2.047158E+04   2.046573E+04   2.045607E+04   2.045795E+04
  -3.250610E+02  -3.279982E+02  -3.281950E+02  -3.279329E+02  -3.275171E+02
  -3.275691E+02  -3.716791E+02  -3.693719E+02  -3.672991E+02  -3.650972E+02
  -3.642283E+02  -3.250610E+02   2.000233E-01   2.175574E+02   2.068442E+04
  plotrec         1.700000E+03   1.001877E+05   1.001877E+05   1.001877E+05
   1.001877E+05   1.001877E+05   1.001876E+05   1.001890E+05   1.001904E+05
   1.001918E+05   1.001932E+05   1.001946E+05   3.340346E+02   3.340332E+02
   3.340319E+02   3.340305E+02   3.340296E+02   3.339787E+02   3.339727E+02
   3.339582E+02   3.339413E+02   3.339227E+02   3.339111E+02   3.339724E+02
   3.339082E+02   3.338501E+02   3.337881E+02   3.337635E+02   3.336629E+02
   3.337419E+02   3.337478E+02   3.337416E+02   3.337314E+02   3.337333E+02
   2.062976E+04   2.057469E+04   2.051593E+04   2.049273E+04   2.039788E+04
   2.047232E+04   2.047793E+04   2.047208E+04   2.046241E+04   2.046427E+04
  -3.252686E+02  -3.282072E+02  -3.284041E+02  -3.281418E+02  -3.277258E+02
  -3.277769E+02  -3.718975E+02  -3.695886E+02  -3.675148E+02  -3.653115E+02
  -3.644427E+02  -3.252686E+02   2.000036E-01   2.175574E+02   2.069083E+04
  plotrec         1.950000E+03   1.001951E+05   1.001951E+05   1.001951E+05
   1.001951E+05   1.001951E+05   1.001950E+05   1.001964E+05   1.001978E+05
   1.001992E+05   1.002006E+05   1.002020E+05   3.340395E+02   3.340381E+02
   3.340368E+02   3.340354E+02   3.340345E+02   3.339836E+02   3.339776E+02
   3.339630E+02   3.339462E+02   3.339276E+02   3.339160E+02   3.339773E+02
   3.339131E+02   3.338551E+02   3.337930E+02   3.337685E+02   3.336678E+02
   3.337468E+02   3.337528E+02   3.337466E+02   3.337363E+02   3.337383E+02
   2.063445E+04   2.057936E+04   2.052059E+04   2.049740E+04   2.040253E+04
   2.047697E+04   2.048259E+04   2.047674E+04   2.046706E+04   2.046890E+04
  -3.254185E+02  -3.283583E+02  -3.285553E+02  -3.282929E+02  -3.278766E+02
  -3.279271E+02  -3.720556E+02  -3.697457E+02  -3.676710E+02  -3.654666E+02
  -3.645980E+02  -3.254185E+02   1.999896E-01   2.175574E+02   2.069554E+04
  plotrec         2.200000E+03   1.002010E+05   1.002010E+05   1.002010E+05
   1.002010E+05   1.002010E+05   1.002009E+05   1.002023E+05   1.002037E+05
   1.002051E+05   1.002065E+05   1.002079E+05   3.340431E+02   3.340417E+02
   3.340404E+02   3.340390E+02   3.340381E+02   3.339872E+02   3.339812E+02
   3.339666E+02   3.339498E+02   3.339312E+02   3.339196E+02   3.339810E+02
   3.339167E+02   3.338587E+02   3.337966E+02   3.337721E+02   3.336715E+02
   3.337505E+02   3.337564E+02   3.337502E+02   3.337400E+02   3.337419E+02
   2.063791E+04   2.058281E+04   2.052403E+04   2.050085E+04   2.040595E+04
   2.048041E+04   2.048602E+04   2.048017E+04   2.047049E+04   2.047232E+04
  -3.255269E+02  -3.284675E+02  -3.286646E+02  -3.284021E+02  -3.279856E+02
  -3.280356E+02  -3.721703E+02  -3.698594E+02  -3.677841E+02  -3.655791E+02
  -3.647105E+02  -3.255269E+02   1.999798E-01   2.175574E+02   2.069901E+04
  plotrec         2.450000E+03   1.002057E+05   1.002057E+05   1.002057E+05
   1.002057E+05   1.002057E+05   1.002057E+05   1.002070E+05   1.002084E+05
   1.002098E+05   1.002112E+05   1.002126E+05   3.340458E+02   3.340444E+02
   3.340431E+02   3.340417E+02   3.340407E+02   3.339899E+02   3.339839E+02
   3.339693E+02   3.339525E+02   3.339339E+02   3.339222E+02   3.339837E+02
   3.339194E+02   3.338614E+02   3.337993E+02   3.337748E+02   3.336742E+02
   3.337531E+02   3.337591E+02   3.337529E+02   3.337426E+02   3.337446E+02
   2.064047E+04   2.058537E+04   2.052658E+04   2.050340E+04   2.040849E+04
   2.048296E+04   2.048857E+04   2.048272E+04   2.047304E+04   2.047486E+04
  -3.256052E+02  -3.285464E+02  -3.287435E+02  -3.284809E+02  -3.280643E+02
  -3.281140E+02  -3.722534E+02  -3.699420E+02  -3.678662E+02  -3.656606E+02
  -3.647921E+02  -3.256052E+02   1.999729E-01   2.175574E+02   2.070158E+04
  plotrec         2.700000E+03   1.002097E+05   1.002097E+05   1.002097E+05
   1.002097E+05   1.002097E+05   1.002096E+05   1.002110E+05   1.002124E+05
   1.002138E+05   1.002152E+05   1.002166E+05   3.340478E+02   3.340464E+02
   3.340451E+02   3.340437E+02   3.340428E+02   3.339919E+02   3.339859E+02
   3.339713E+02   3.339544E+02   3.339359E+02   3.339243E+02   3.339857E+02
   3.339215E+02   3.338634E+02   3.338013E+02   3.337768E+02   3.336762E+02
   3.337552E+02   3.337611E+02   3.337549E+02   3.337447E+02   3.337466E+02
   2.064239E+04   2.058729E+04   2.052849E+04   2.050532E+04   2.041040E+04
   2.048487E+04   2.049048E+04   2.048463E+04   2.047495E+04   2.047676E+04
  -3.256617E+02  -3.286034E+02  -3.288004E+02  -3.285379E+02  -3.281212E+02
  -3.281707E+02  -3.723137E+02  -3.700019E+02  -3.679258E+02  -3.657198E+02
  -3.648514E+02  -3.256617E+02   1.999681E-01   2.175574E+02   2.070351E+04
  plotrec         2.950000E+03   1.002131E+05   1.002131E+05   1.002131E+05
   1.002131E+05   1.002131E+05   1.002130E+05   1.002144E+05   1.002158E+05
   1.002172E+05   1.002186E+05   1.002199E+05   3.340493E+02   3.340479E+02
   3.340466E+02   3.340452E+02   3.340443E+02   3.339934E+02   3.339874E+02
   3.339728E+02   3.339560E+02   3.339374E+02   3.339258E+02   3.339872E+02
   3.339230E+02   3.338650E+02   3.338029E+02   3.337784E+02   3.336777E+02
   3.337567E+02   3.337627E+02   3.337565E+02   3.337462E+02   3.337481E+02
   2.064385E+04   2.058874E+04   2.052994E+04   2.050677E+04   2.041184E+04
   2.048631E+04   2.049193E+04   2.048607E+04   2.047639E+04   2.047820E+04
  -3.257025E+02  -3.286444E+02  -3.288415E+02  -3.285789E+02  -3.281621E+02
  -3.282115E+02  -3.723575E+02  -3.700454E+02  -3.679691E+02  -3.657628E+02
  -3.648945E+02  -3.257025E+02   1.999649E-01   2.175574E+02   2.070497E+04
  plotrec         3.200000E+03   1.002160E+05   1.002160E+05   1.002160E+05
   1.002160E+05   1.002160E+05   1.002160E+05   1.002173E+05   1.002187E+05
   1.002201E+05   1.002215E+05   1.002229E+05   3.340505E+02   3.340491E+02
   3.340478E+02   3.340464E+02   3.340454E+02   3.339946E+02   3.339886E+02
   3.339740E+02   3.339571E+02   3.339386E+02   3.339269E+02   3.339884E+02
   3.339242E+02   3.338661E+02   3.338040E+02   3.337795E+02   3.336789E+02
   3.337579E+02   3.337638E+02   3.337576E+02   3.337474E+02   3.337493E+02
   2.064497E+04   2.058986E+04   2.053105E+04   2.050788E+04   2.041295E+04
   2.048742E+04   2.049304E+04   2.048718E+04   2.047750E+04   2.047931E+04
  -3.257319E+02  -3.286740E+02  -3.288711E+02  -3.286085E+02  -3.281917E+02
  -3.282409E+02  -3.723894E+02  -3.700771E+02  -3.680006E+02  -3.657942E+02
  -3.649258E+02  -3.257319E+02   1.999627E-01   2.175574E+02   2.070610E+04
  plotrec         3.450000E+03   1.002187E+05   1.002187E+05   1.002187E+05
   1.002187E+05   1.002187E+05   1.002186E+05   1.002200E+05   1.002214E+05
   1.002228E+05   1.002242E+05   1.002256E+05   3.340514E+02   3.340500E+02
   3.340487E+02   3.340473E+02   3.340464E+02   3.339955E+02   3.339895E+02
   3.339749E+02   3.339580E+02   3.339395E+02   3.339278E+02   3.339893E+02
   3.339251E+02   3.338671E+02   3.338050E+02   3.337805E+02   3.336798E+02
   3.337588E+02   3.337647E+02   3.337585E+02   3.337483E+02   3.337502E+02
   2.064584E+04   2.059073E+04   2.053192E+04   2.050875E+04   2.041381E+04
   2.048829E+04   2.049391E+04   2.048805E+04   2.047837E+04   2.048018E+04
  -3.257530E+02  -3.286953E+02  -3.288925E+02  -3.286298E+02  -3.282130E+02
  -3.282621E+02  -3.724127E+02  -3.701003E+02  -3.680237E+02  -3.658171E+02
  -3.649488E+02  -3.257530E+02   1.999614E-01   2.175574E+02   2.070697E+04
  plotrec         3.700000E+03   1.002211E+05   1.002211E+05   1.002211E+05
   1.002211E+05   1.002211E+05   1.002210E+05   1.002224E+05   1.002238E+05
   1.002252E+05   1.002266E+05   1.002280E+05   3.340522E+02   3.340508E+02
   3.340494E+02   3.340480E+02   3.340471E+02   3.339962E+02   3.339902E+02
   3.339756E+02   3.339588E+02   3.339402E+02   3.339286E+02   3.339901E+02
   3.339258E+02   3.338678E+02   3.338057E+02   3.337812E+02   3.336805E+02
   3.337596E+02   3.337655E+02   3.337593E+02   3.337490E+02   3.337509E+02
   2.064654E+04   2.059143E+04   2.053262E+04   2.050945E+04   2.041451E+04
   2.048899E+04   2.049460E+04   2.048875E+04   2.047907E+04   2.048087E+04
  -3.257682E+02  -3.287106E+02  -3.289077E+02  -3.286451E+02  -3.282282E+02
  -3.282773E+02  -3.724298E+02  -3.701172E+02  -3.680405E+02  -3.658339E+02
  -3.649655E+02  -3.257682E+02   1.999606E-01   2.175574E+02   2.070767E+04
  plotrec         3.950000E+03   1.002234E+05   1.002234E+05   1.002234E+05
   1.002234E+05   1.002234E+05   1.002233E+05   1.002247E+05   1.002261E+05
   1.002275E+05   1.002289E+05   1.002303E+05   3.340527E+02   3.340513E+02
   3.340500E+02   3.340486E+02   3.340477E+02   3.339968E+02   3.339908E+02
   3.339763E+02   3.339594E+02   3.339408E+02   3.339292E+02   3.339907E+02
   3.339264E+02   3.338684E+02   3.338063E+02   3.337818E+02   3.336812E+02
   3.337601E+02   3.337661E+02   3.337599E+02   3.337496E+02   3.337516E+02
   2.064711E+04   2.059200E+04   2.053319E+04   2.051002E+04   2.041507E+04
   2.048956E+04   2.049517E+04   2.048932E+04   2.047963E+04   2.048144E+04
  -3.257791E+02  -3.287216E+02  -3.289187E+02  -3.286561E+02  -3.282392E+02
  -3.282882E+02  -3.724424E+02  -3.701297E+02  -3.680530E+02  -3.658462E+02
  -3.649779E+02  -3.257791E+02   1.999602E-01   2.175574E+02   2.070825E+04
  plotrec         4.200000E+03   1.002255E+05   1.002255E+05   1.002255E+05
   1.002255E+05   1.002255E+05   1.002255E+05   1.002268E+05   1.002282E+05
   1.002296E+05   1.002310E+05   1.002324E+05   3.340533E+02   3.340518E+02
   3.340505E+02   3.340491E+02   3.340482E+02   3.339973E+02   3.339913E+02
   3.339767E+02   3.339599E+02   3.339413E+02   3.339297E+02   3.339912E+02
   3.339269E+02   3.338689E+02   3.338068E+02   3.337823E+02   3.336817E+02
   3.337607E+02   3.337666E+02   3.337604E+02   3.337502E+02   3.337520E+02
   2.064759E+04   2.059248E+04   2.053367E+04   2.051050E+04   2.041555E+04
   2.049003E+04   2.049565E+04   2.048979E+04   2.048011E+04   2.048191E+04
  -3.257869E+02  -3.287294E+02  -3.289265E+02  -3.286639E+02  -3.282470E+02
  -3.282961E+02  -3.724517E+02  -3.701389E+02  -3.680622E+02  -3.658554E+02
  -3.649871E+02  -3.257869E+02   1.999602E-01   2.175574E+02   2.070873E+04
  plotrec         4.450000E+03   1.002276E+05   1.002276E+05   1.002276E+05
   1.002276E+05   1.002276E+05   1.002275E+05   1.002289E+05   1.002303E+05
   1.002317E+05   1.002331E+05   1.002345E+05   3.340537E+02   3.340523E+02
   3.340509E+02   3.340496E+02   3.340486E+02   3.339977E+02   3.339918E+02
   3.339772E+02   3.339603E+02   3.339418E+02   3.339301E+02   3.339916E+02
   3.339274E+02   3.338693E+02   3.338073E+02   3.337827E+02   3.336821E+02
   3.337611E+02   3.337670E+02   3.337608E+02   3.337506E+02   3.337525E+02
   2.064801E+04   2.059289E+04   2.053408E+04   2.051091E+04   2.041596E+04
   2.049045E+04   2.049606E+04   2.049020E+04   2.048052E+04   2.048232E+04
  -3.257924E+02  -3.287350E+02  -3.289321E+02  -3.286695E+02  -3.282526E+02
  -3.283016E+02  -3.724586E+02  -3.701458E+02  -3.680691E+02  -3.658623E+02
  -3.649940E+02  -3.257924E+02   1.999603E-01   2.175574E+02   2.070914E+04
  plotrec         4.700000E+03   1.002296E+05   1.002296E+05   1.002296E+05
   1.002296E+05   1.002296E+05   1.002295E+05   1.002309E+05   1.002323E+05
   1.002337E+05   1.002351E+05   1.002365E+05   3.340540E+02   3.340526E+02
   3.340513E+02   3.340500E+02   3.340490E+02   3.339981E+02   3.339921E+02
   3.339776E+02   3.339607E+02   3.339421E+02   3.339305E+02   3.339920E+02
   3.339278E+02   3.338697E+02   3.338076E+02   3.337831E+02   3.336825E+02
   3.337615E+02   3.337674E+02   3.337612E+02   3.337509E+02   3.337529E+02
   2.064837E+04   2.059325E+04   2.053444E+04   2.051127E+04   2.041632E+04
   2.049081E+04   2.049642E+04   2.049057E+04   2.048088E+04   2.048269E+04
  -3.257963E+02  -3.287389E+02  -3.289360E+02  -3.286734E+02  -3.282565E+02
  -3.283055E+02  -3.724638E+02  -3.701511E+02  -3.680743E+02  -3.658675E+02
  -3.649991E+02  -3.257963E+02   1.999606E-01   2.175574E+02   2.070951E+04
  plotrec         4.950000E+03   1.002316E+05   1.002316E+05   1.002316E+05
   1.002316E+05   1.002316E+05   1.002315E+05   1.002329E+05   1.002343E+05
   1.002357E+05   1.002371E+05   1.002385E+05   3.340544E+02   3.340530E+02
   3.340517E+02   3.340503E+02   3.340493E+02   3.339985E+02   3.339925E+02
   3.339779E+02   3.339610E+02   3.339425E+02   3.339308E+02   3.339923E+02
   3.339281E+02   3.338701E+02   3.338080E+02   3.337835E+02   3.336828E+02
   3.337618E+02   3.337678E+02   3.337616E+02   3.337513E+02   3.337532E+02
   2.064870E+04   2.059358E+04   2.053477E+04   2.051160E+04   2.041665E+04
   2.049113E+04   2.049675E+04   2.049089E+04   2.048121E+04   2.048301E+04
  -3.257990E+02  -3.287416E+02  -3.289388E+02  -3.286761E+02  -3.282592E+02
  -3.283082E+02  -3.724678E+02  -3.701551E+02  -3.680782E+02  -3.658714E+02
  -3.650031E+02  -3.257990E+02   1.999611E-01   2.175574E+02   2.070984E+04
  plotrec         5.200000E+03   1.002335E+05   1.002335E+05   1.002335E+05
   1.002335E+05   1.002335E+05   1.002335E+05   1.002348E+05   1.002362E+05
   1.002376E+05   1.002390E+05   1.002404E+05   3.340547E+02   3.340533E+02
   3.340520E+02   3.340506E+02   3.340497E+02   3.339988E+02   3.339928E+02
   3.339782E+02   3.339614E+02   3.339428E+02   3.339312E+02   3.339926E+02
   3.339284E+02   3.338704E+02   3.338083E+02   3.337838E+02   3.336831E+02
   3.337621E+02   3.337681E+02   3.337619E+02   3.337516E+02   3.337535E+02
   2.064901E+04   2.059388E+04   2.053507E+04   2.051190E+04   2.041695E+04
   2.049144E+04   2.049705E+04   2.049120E+04   2.048152E+04   2.048332E+04
  -3.258009E+02  -3.287435E+02  -3.289406E+02  -3.286780E+02  -3.282611E+02
  -3.283101E+02  -3.724709E+02  -3.701582E+02  -3.680814E+02  -3.658745E+02
  -3.650062E+02  -3.258009E+02   1.999616E-01   2.175574E+02   2.071014E+04
  plotrec         5.450000E+03   1.002354E+05   1.002354E+05   1.002354E+05
   1.002354E+05   1.002354E+05   1.002354E+05   1.002367E+05   1.002381E+05
   1.002395E+05   1.002409E+05   1.002423E+05   3.340550E+02   3.340536E+02
   3.340523E+02   3.340509E+02   3.340500E+02   3.339991E+02   3.339931E+02
   3.339785E+02   3.339617E+02   3.339431E+02   3.339315E+02   3.339930E+02
   3.339287E+02   3.338707E+02   3.338086E+02   3.337841E+02   3.336834E+02
   3.337625E+02   3.337684E+02   3.337622E+02   3.337519E+02   3.337538E+02
   2.064929E+04   2.059417E+04   2.053536E+04   2.051219E+04   2.041723E+04
   2.049172E+04   2.049734E+04   2.049148E+04   2.048180E+04   2.048360E+04
  -3.258021E+02  -3.287448E+02  -3.289419E+02  -3.286793E+02  -3.282624E+02
  -3.283114E+02  -3.724734E+02  -3.701606E+02  -3.680838E+02  -3.658770E+02
  -3.650087E+02  -3.258021E+02   1.999621E-01   2.175574E+02   2.071043E+04
  plotrec         5.700000E+03   1.002373E+05   1.002373E+05   1.002373E+05
   1.002373E+05   1.002373E+05   1.002373E+05   1.002386E+05   1.002400E+05
   1.002414E+05   1.002428E+05   1.002442E+05   3.340553E+02   3.340539E+02
   3.340526E+02   3.340512E+02   3.340503E+02   3.339994E+02   3.339934E+02
   3.339788E+02   3.339619E+02   3.339434E+02   3.339317E+02   3.339933E+02
   3.339290E+02   3.338710E+02   3.338089E+02   3.337844E+02   3.336837E+02
   3.337627E+02   3.337687E+02   3.337625E+02   3.337522E+02   3.337541E+02
   2.064956E+04   2.059444E+04   2.053563E+04   2.051246E+04   2.041750E+04
   2.049200E+04   2.049761E+04   2.049176E+04   2.048207E+04   2.048387E+04
  -3.258029E+02  -3.287456E+02  -3.289427E+02  -3.286801E+02  -3.282632E+02
  -3.283122E+02  -3.724754E+02  -3.701627E+02  -3.680858E+02  -3.658790E+02
  -3.650107E+02  -3.258029E+02   1.999627E-01   2.175574E+02   2.071071E+04
  plotrec         5.950000E+03   1.002392E+05   1.002392E+05   1.002392E+05
   1.002392E+05   1.002392E+05   1.002392E+05   1.002405E+05   1.002419E+05
   1.002433E+05   1.002447E+05   1.002461E+05   3.340556E+02   3.340542E+02
   3.340529E+02   3.340515E+02   3.340505E+02   3.339997E+02   3.339937E+02
   3.339791E+02   3.339622E+02   3.339437E+02   3.339320E+02   3.339935E+02
   3.339293E+02   3.338712E+02   3.338092E+02   3.337847E+02   3.336840E+02
   3.337630E+02   3.337690E+02   3.337628E+02   3.337525E+02   3.337544E+02
   2.064983E+04   2.059471E+04   2.053589E+04   2.051272E+04   2.041777E+04
   2.049226E+04   2.049787E+04   2.049202E+04   2.048234E+04   2.048414E+04
  -3.258034E+02  -3.287461E+02  -3.289432E+02  -3.286806E+02  -3.282637E+02
  -3.283127E+02  -3.724771E+02  -3.701643E+02  -3.680875E+02  -3.658807E+02
  -3.650124E+02  -3.258034E+02   1.999633E-01   2.175574E+02   2.071097E+04
  plotrec         6.200000E+03   1.002411E+05   1.002411E+05   1.002411E+05
   1.002411E+05   1.002411E+05   1.002410E+05   1.002424E+05   1.002438E+05
   1.002452E+05   1.002466E+05   1.002480E+05   3.340558E+02   3.340545E+02
   3.340531E+02   3.340518E+02   3.340508E+02   3.339999E+02   3.339939E+02
   3.339794E+02   3.339625E+02   3.339440E+02   3.339323E+02   3.339938E+02
   3.339296E+02   3.338715E+02   3.338094E+02   3.337849E+02   3.336843E+02
   3.337633E+02   3.337692E+02   3.337630E+02   3.337528E+02   3.337547E+02
   2.065009E+04   2.059496E+04   2.053615E+04   2.051297E+04   2.041802E+04
   2.049251E+04   2.049813E+04   2.049227E+04   2.048259E+04   2.048439E+04
  -3.258036E+02  -3.287463E+02  -3.289434E+02  -3.286808E+02  -3.282639E+02
  -3.283129E+02  -3.724785E+02  -3.701657E+02  -3.680890E+02  -3.658822E+02
  -3.650139E+02  -3.258036E+02   1.999640E-01   2.175574E+02   2.071123E+04
  plotrec         6.450000E+03   1.002430E+05   1.002430E+05   1.002430E+05
   1.002430E+05   1.002430E+05   1.002429E+05   1.002443E+05   1.002457E+05
   1.002471E+05   1.002485E+05   1.002499E+05   3.340561E+02   3.340547E+02
   3.340534E+02   3.340520E+02   3.340511E+02   3.340002E+02   3.339942E+02
   3.339796E+02   3.339628E+02   3.339442E+02   3.339326E+02   3.339940E+02
   3.339298E+02   3.338718E+02   3.338097E+02   3.337852E+02   3.336845E+02
   3.337635E+02   3.337695E+02   3.337633E+02   3.337530E+02   3.337549E+02
   2.065034E+04   2.059521E+04   2.053640E+04   2.051322E+04   2.041827E+04
   2.049276E+04   2.049838E+04   2.049253E+04   2.048284E+04   2.048464E+04
  -3.258037E+02  -3.287464E+02  -3.289435E+02  -3.286809E+02  -3.282640E+02
  -3.283130E+02  -3.724798E+02  -3.701670E+02  -3.680902E+02  -3.658835E+02
  -3.650151E+02  -3.258037E+02   1.999647E-01   2.175574E+02   2.071148E+04
  plotrec         6.700000E+03   1.002448E+05   1.002448E+05   1.002448E+05
   1.002448E+05   1.002448E+05   1.002448E+05   1.002461E+05   1.002475E+05
   1.002489E+05   1.002504E+05   1.002517E+05   3.340564E+02   3.340550E+02
   3.340536E+02   3.340523E+02   3.340513E+02   3.340005E+02   3.339945E+02
   3.339799E+02   3.339630E+02   3.339445E+02   3.339328E+02   3.339943E+02
   3.339301E+02   3.338720E+02   3.338100E+02   3.337855E+02   3.336848E+02
   3.337638E+02   3.337697E+02   3.337635E+02   3.337533E+02   3.337552E+02
   2.065059E+04   2.059546E+04   2.053664E+04   2.051347E+04   2.041852E+04
   2.049301E+04   2.049863E+04   2.049277E+04   2.048309E+04   2.048489E+04
  -3.258037E+02  -3.287463E+02  -3.289435E+02  -3.286809E+02  -3.282640E+02
  -3.283130E+02  -3.724809E+02  -3.701682E+02  -3.680914E+02  -3.658846E+02
  -3.650163E+02  -3.258037E+02   1.999654E-01   2.175574E+02   2.071173E+04
  plotrec         6.950000E+03   1.002467E+05   1.002467E+05   1.002467E+05
   1.002467E+05   1.002467E+05   1.002466E+05   1.002480E+05   1.002494E+05
   1.002508E+05   1.002522E+05   1.002536E+05   3.340566E+02   3.340552E+02
   3.340539E+02   3.340526E+02   3.340516E+02   3.340007E+02   3.339947E+02
   3.339802E+02   3.339633E+02   3.339447E+02   3.339331E+02   3.339946E+02
   3.339304E+02   3.338723E+02   3.338102E+02   3.337857E+02   3.336851E+02
   3.337641E+02   3.337700E+02   3.337638E+02   3.337536E+02   3.337555E+02
   2.065083E+04   2.059571E+04   2.053689E+04   2.051372E+04   2.041876E+04
   2.049326E+04   2.049887E+04   2.049302E+04   2.048333E+04   2.048514E+04
  -3.258036E+02  -3.287462E+02  -3.289433E+02  -3.286807E+02  -3.282639E+02
  -3.283129E+02  -3.724819E+02  -3.701692E+02  -3.680924E+02  -3.658857E+02
  -3.650174E+02  -3.258036E+02   1.999661E-01   2.175574E+02   2.071197E+04
  plotrec         7.200000E+03   1.002486E+05   1.002486E+05   1.002486E+05
   1.002486E+05   1.002486E+05   1.002485E+05   1.002499E+05   1.002513E+05
   1.002527E+05   1.002541E+05   1.002555E+05   3.340569E+02   3.340555E+02
   3.340542E+02   3.340528E+02   3.340518E+02   3.340010E+02   3.339950E+02
   3.339804E+02   3.339635E+02   3.339450E+02   3.339333E+02   3.339948E+02
   3.339306E+02   3.338726E+02   3.338105E+02   3.337860E+02   3.336853E+02
   3.337643E+02   3.337703E+02   3.337641E+02   3.337538E+02   3.337557E+02
   2.065108E+04   2.059595E+04   2.053713E+04   2.051396E+04   2.041900E+04
   2.049350E+04   2.049912E+04   2.049326E+04   2.048358E+04   2.048538E+04
  -3.258034E+02  -3.287460E+02  -3.289431E+02  -3.286805E+02  -3.282637E+02
  -3.283127E+02  -3.724829E+02  -3.701701E+02  -3.680934E+02  -3.658867E+02
  -3.650183E+02  -3.258034E+02   1.999668E-01   2.175574E+02   2.071222E+04
  plotrec         7.450000E+03   1.002504E+05   1.002504E+05   1.002504E+05
   1.002504E+05   1.002504E+05   1.002504E+05   1.002517E+05   1.002531E+05
   1.002545E+05   1.002559E+05   1.002573E+05   3.340572E+02   3.340558E+02
   3.340544E+02   3.340531E+02   3.340521E+02   3.340012E+02   3.339952E+02
   3.339807E+02   3.339638E+02   3.339453E+02   3.339336E+02   3.339951E+02
   3.339308E+02   3.338728E+02   3.338107E+02   3.337862E+02   3.336856E+02
   3.337646E+02   3.337705E+02   3.337643E+02   3.337541E+02   3.337560E+02
   2.065132E+04   2.059619E+04   2.053737E+04   2.051420E+04   2.041924E+04
   2.049374E+04   2.049936E+04   2.049350E+04   2.048382E+04   2.048562E+04
  -3.258031E+02  -3.287458E+02  -3.289429E+02  -3.286803E+02  -3.282634E+02
  -3.283125E+02  -3.724838E+02  -3.701711E+02  -3.680944E+02  -3.658876E+02
  -3.650193E+02  -3.258031E+02   1.999675E-01   2.175574E+02   2.071246E+04
  plotrec         7.700000E+03   1.002523E+05   1.002523E+05   1.002523E+05
   1.002523E+05   1.002523E+05   1.002522E+05   1.002536E+05   1.002550E+05
   1.002564E+05   1.002578E+05   1.002592E+05   3.340574E+02   3.340560E+02
   3.340547E+02   3.340533E+02   3.340523E+02   3.340015E+02   3.339955E+02
   3.339809E+02   3.339641E+02   3.339455E+02   3.339338E+02   3.339953E+02
   3.339311E+02   3.338731E+02   3.338110E+02   3.337865E+02   3.336858E+02
   3.337648E+02   3.337708E+02   3.337646E+02   3.337543E+02   3.337562E+02
   2.065156E+04   2.059644E+04   2.053761E+04   2.051444E+04   2.041948E+04
   2.049398E+04   2.049960E+04   2.049374E+04   2.048406E+04   2.048586E+04
  -3.258029E+02  -3.287455E+02  -3.289426E+02  -3.286800E+02  -3.282632E+02
  -3.283122E+02  -3.724846E+02  -3.701720E+02  -3.680953E+02  -3.658885E+02
  -3.650202E+02  -3.258029E+02   1.999682E-01   2.175574E+02   2.071271E+04
  plotrec         7.950000E+03   1.002542E+05   1.002542E+05   1.002542E+05
   1.002542E+05   1.002542E+05   1.002541E+05   1.002555E+05   1.002569E+05
   1.002583E+05   1.002597E+05   1.002610E+05   3.340577E+02   3.340563E+02
   3.340549E+02   3.340536E+02   3.340526E+02   3.340017E+02   3.339958E+02
   3.339812E+02   3.339643E+02   3.339458E+02   3.339341E+02   3.339956E+02
   3.339314E+02   3.338733E+02   3.338112E+02   3.337867E+02   3.336861E+02
   3.337651E+02   3.337710E+02   3.337648E+02   3.337546E+02   3.337565E+02
   2.065180E+04   2.059668E+04   2.053785E+04   2.051468E+04   2.041972E+04
   2.049422E+04   2.049984E+04   2.049398E+04   2.048430E+04   2.048610E+04
  -3.258026E+02  -3.287452E+02  -3.289423E+02  -3.286797E+02  -3.282629E+02
  -3.283119E+02  -3.724855E+02  -3.701728E+02  -3.680961E+02  -3.658894E+02
  -3.650211E+02  -3.258026E+02   1.999689E-01   2.175574E+02   2.071295E+04
  plotrec         8.200000E+03   1.002560E+05   1.002560E+05   1.002560E+05
   1.002560E+05   1.002560E+05   1.002560E+05   1.002573E+05   1.002587E+05
   1.002601E+05   1.002615E+05   1.002629E+05   3.340579E+02   3.340565E+02
   3.340552E+02   3.340538E+02   3.340529E+02   3.340020E+02   3.339960E+02
   3.339814E+02   3.339646E+02   3.339460E+02   3.339344E+02   3.339958E+02
   3.339316E+02   3.338736E+02   3.338115E+02   3.337870E+02   3.336863E+02
   3.337654E+02   3.337713E+02   3.337651E+02   3.337548E+02   3.337567E+02
   2.065204E+04   2.059691E+04   2.053809E+04   2.051492E+04   2.041996E+04
   2.049446E+04   2.050008E+04   2.049422E+04   2.048454E+04   2.048634E+04
  -3.258023E+02  -3.287448E+02  -3.289420E+02  -3.286794E+02  -3.282625E+02
  -3.283116E+02  -3.724864E+02  -3.701737E+02  -3.680970E+02  -3.658903E+02
  -3.650220E+02  -3.258023E+02   1.999696E-01   2.175574E+02   2.071319E+04
  plotrec         8.450000E+03   1.002579E+05   1.002579E+05   1.002579E+05
   1.002579E+05   1.002579E+05   1.002578E+05   1.002592E+05   1.002606E+05
   1.002620E+05   1.002634E+05   1.002648E+05   3.340582E+02   3.340568E+02
   3.340554E+02   3.340541E+02   3.340531E+02   3.340023E+02   3.339962E+02
   3.339817E+02   3.339648E+02   3.339463E+02   3.339346E+02   3.339961E+02
   3.339319E+02   3.338738E+02   3.338117E+02   3.337872E+02   3.336866E+02
   3.337656E+02   3.337715E+02   3.337654E+02   3.337551E+02   3.337570E+02
   2.065228E+04   2.059715E+04   2.053833E+04   2.051516E+04   2.042020E+04
   2.049470E+04   2.050031E+04   2.049446E+04   2.048478E+04   2.048658E+04
  -3.258019E+02  -3.287445E+02  -3.289417E+02  -3.286791E+02  -3.282622E+02
  -3.283113E+02  -3.724872E+02  -3.701745E+02  -3.680978E+02  -3.658911E+02
  -3.650228E+02  -3.258019E+02   1.999703E-01   2.175574E+02   2.071343E+04
  plotrec         8.700000E+03   1.002597E+05   1.002597E+05   1.002597E+05
   1.002597E+05   1.002597E+05   1.002597E+05   1.002610E+05   1.002624E+05
   1.002638E+05   1.002652E+05   1.002666E+05   3.340584E+02   3.340570E+02
   3.340557E+02   3.340543E+02   3.340533E+02   3.340025E+02   3.339965E+02
   3.339819E+02   3.339651E+02   3.339465E+02   3.339349E+02   3.339963E+02
   3.339321E+02   3.338741E+02   3.338120E+02   3.337875E+02   3.336869E+02
   3.337658E+02   3.337718E+02   3.337656E+02   3.337553E+02   3.337572E+02
   2.065252E+04   2.059739E+04   2.053857E+04   2.051539E+04   2.042043E+04
   2.049494E+04   2.050055E+04   2.049470E+04   2.048502E+04   2.048682E+04
  -3.258016E+02  -3.287442E+02  -3.289413E+02  -3.286787E+02  -3.282619E+02
  -3.283110E+02  -3.724880E+02  -3.701753E+02  -3.680987E+02  -3.658920E+02
  -3.650237E+02  -3.258016E+02   1.999710E-01   2.175574E+02   2.071367E+04
  plotrec         8.950000E+03   1.002616E+05   1.002616E+05   1.002616E+05
   1.002616E+05   1.002616E+05   1.002615E+05   1.002629E+05   1.002643E+05
   1.002657E+05   1.002671E+05   1.002685E+05   3.340587E+02   3.340573E+02
   3.340559E+02   3.340546E+02   3.340536E+02   3.340027E+02   3.339968E+02
   3.339822E+02   3.339653E+02   3.339468E+02   3.339351E+02   3.339966E+02
   3.339324E+02   3.338743E+02   3.338123E+02   3.337878E+02   3.336871E+02
   3.337661E+02   3.337720E+02   3.337658E+02   3.337556E+02   3.337575E+02
   2.065276E+04   2.059763E+04   2.053881E+04   2.051563E+04   2.042067E+04
   2.049518E+04   2.050079E+04   2.049494E+04   2.048525E+04   2.048706E+04
  -3.258013E+02  -3.287438E+02  -3.289410E+02  -3.286784E+02  -3.282616E+02
  -3.283107E+02  -3.724888E+02  -3.701761E+02  -3.680995E+02  -3.658929E+02
  -3.650245E+02  -3.258013E+02   1.999717E-01   2.175574E+02   2.071391E+04
  plotrec         9.200000E+03   1.002634E+05   1.002634E+05   1.002634E+05
   1.002634E+05   1.002634E+05   1.002634E+05   1.002648E+05   1.002661E+05
   1.002676E+05   1.002690E+05   1.002703E+05   3.340589E+02   3.340575E+02
   3.340562E+02   3.340548E+02   3.340539E+02   3.340030E+02   3.339970E+02
   3.339825E+02   3.339656E+02   3.339470E+02   3.339354E+02   3.339969E+02
   3.339326E+02   3.338746E+02   3.338125E+02   3.337880E+02   3.336873E+02
   3.337664E+02   3.337723E+02   3.337661E+02   3.337558E+02   3.337578E+02
   2.065300E+04   2.059787E+04   2.053905E+04   2.051587E+04   2.042091E+04
   2.049541E+04   2.050103E+04   2.049518E+04   2.048549E+04   2.048730E+04
  -3.258009E+02  -3.287435E+02  -3.289406E+02  -3.286781E+02  -3.282612E+02
  -3.283103E+02  -3.724896E+02  -3.701770E+02  -3.681003E+02  -3.658937E+02
  -3.650254E+02  -3.258009E+02   1.999724E-01   2.175574E+02   2.071415E+04
  plotrec         9.450000E+03   1.002653E+05   1.002653E+05   1.002653E+05
   1.002653E+05   1.002653E+05   1.002652E+05   1.002666E+05   1.002680E+05
   1.002694E+05   1.002708E+05   1.002722E+05   3.340592E+02   3.340578E+02
   3.340564E+02   3.340551E+02   3.340541E+02   3.340033E+02   3.339973E+02
   3.339827E+02   3.339658E+02   3.339473E+02   3.339356E+02   3.339971E+02
   3.339329E+02   3.338748E+02   3.338127E+02   3.337882E+02   3.336876E+02
   3.337666E+02   3.337726E+02   3.337664E+02   3.337561E+02   3.337580E+02
   2.065324E+04   2.059811E+04   2.053929E+04   2.051611E+04   2.042115E+04
   2.049565E+04   2.050127E+04   2.049541E+04   2.048573E+04   2.048754E+04
  -3.258006E+02  -3.287431E+02  -3.289402E+02  -3.286777E+02  -3.282609E+02
  -3.283100E+02  -3.724904E+02  -3.701778E+02  -3.681012E+02  -3.658945E+02
  -3.650262E+02  -3.258006E+02   1.999731E-01   2.175574E+02   2.071439E+04
  plotrec         9.700000E+03   1.002672E+05   1.002672E+05   1.002672E+05
   1.002672E+05   1.002672E+05   1.002671E+05   1.002685E+05   1.002699E+05
   1.002713E+05   1.002727E+05   1.002741E+05   3.340594E+02   3.340580E+02
   3.340567E+02   3.340553E+02   3.340544E+02   3.340035E+02   3.339975E+02
   3.339830E+02   3.339661E+02   3.339475E+02   3.339359E+02   3.339973E+02
   3.339331E+02   3.338751E+02   3.338130E+02   3.337885E+02   3.336879E+02
   3.337668E+02   3.337728E+02   3.337666E+02   3.337563E+02   3.337583E+02
   2.065348E+04   2.059835E+04   2.053952E+04   2.051635E+04   2.042138E+04
   2.049589E+04   2.050151E+04   2.049565E+04   2.048597E+04   2.048777E+04
  -3.258002E+02  -3.287428E+02  -3.289399E+02  -3.286773E+02  -3.282605E+02
  -3.283096E+02  -3.724912E+02  -3.701786E+02  -3.681020E+02  -3.658954E+02
  -3.650270E+02  -3.258002E+02   1.999739E-01   2.175574E+02   2.071463E+04
  plotrec         9.950000E+03   1.002690E+05   1.002690E+05   1.002690E+05
   1.002690E+05   1.002690E+05   1.002690E+05   1.002703E+05   1.002717E+05
   1.002731E+05   1.002745E+05   1.002759E+05   3.340597E+02   3.340583E+02
   3.340569E+02   3.340556E+02   3.340546E+02   3.340038E+02   3.339978E+02
   3.339832E+02   3.339663E+02   3.339478E+02   3.339361E+02   3.339976E+02
   3.339334E+02   3.338753E+02   3.338133E+02   3.337888E+02   3.336881E+02
   3.337671E+02   3.337730E+02   3.337668E+02   3.337566E+02   3.337585E+02
   2.065372E+04   2.059859E+04   2.053976E+04   2.051658E+04   2.042162E+04
   2.049613E+04   2.050174E+04   2.049589E+04   2.048621E+04   2.048801E+04
  -3.257999E+02  -3.287424E+02  -3.289395E+02  -3.286770E+02  -3.282602E+02
  -3.283093E+02  -3.724920E+02  -3.701794E+02  -3.681028E+02  -3.658962E+02
  -3.650278E+02  -3.257999E+02   1.999746E-01   2.175574E+02   2.071487E+04
  plotrec         1.000000E+04   1.002694E+05   1.002694E+05   1.002694E+05
   1.002694E+05   1.002694E+05   1.002693E+05   1.002707E+05   1.002721E+05
   1.002735E+05   1.002749E+05   1.002763E+05   3.340597E+02   3.340583E+02
   3.340570E+02   3.340556E+02   3.340547E+02   3.340038E+02   3.339978E+02
   3.339832E+02   3.339664E+02   3.339478E+02   3.339362E+02   3.339977E+02
   3.339334E+02   3.338754E+02   3.338133E+02   3.337888E+02   3.336882E+02
   3.337672E+02   3.337731E+02   3.337669E+02   3.337567E+02   3.337585E+02
   2.065376E+04   2.059863E+04   2.053981E+04   2.051663E+04   2.042167E+04
   2.049618E+04   2.050179E+04   2.049594E+04   2.048626E+04   2.048806E+04
  -3.257998E+02  -3.287423E+02  -3.289395E+02  -3.286769E+02  -3.282601E+02
  -3.283092E+02  -3.724921E+02  -3.701795E+02  -3.681030E+02  -3.658964E+02
  -3.650280E+02  -3.257998E+02   1.999747E-01   2.175574E+02   2.071491E+04
